<?xml version="1.0" encoding="UTF-8"?>
<!-- Generated by org.testng.reporters.JUnitXMLReporter -->
<testsuite ignored="0" hostname="NAG1-LHP-N66589" failures="0" tests="4" name="Default test" time="4.788" errors="0" timestamp="2022-01-08T09:44:36 IST">
  <testcase classname="APISuite.Testt" name="getRequest" time="1.768"/>
  <testcase classname="APISuite.Testt" name="getRequestWithQueryParam" time="0.385"/>
  <testcase classname="APISuite.Testt" name="postRequest" time="1.075"/>
  <testcase classname="APISuite.Testt" name="putRequest" time="1.028"/>
</testsuite> <!-- Default test -->
