<?xml version="1.0" encoding="UTF-8"?>
<testng-results ignored="0" total="4" passed="4" failed="0" skipped="0">
  <reporter-output>
  </reporter-output>
  <suite started-at="2022-01-08T09:44:32 IST" name="Default suite" finished-at="2022-01-08T09:44:36 IST" duration-ms="4788">
    <groups>
    </groups>
    <test started-at="2022-01-08T09:44:32 IST" name="Default test" finished-at="2022-01-08T09:44:36 IST" duration-ms="4788">
      <class name="APISuite.Testt">
        <test-method is-config="true" signature="setup()[pri:0, instance:APISuite.Testt@4cc8eb05]" started-at="2022-01-08T09:44:32 IST" name="setup" finished-at="2022-01-08T09:44:32 IST" duration-ms="504" status="PASS">
          <reporter-output>
          </reporter-output>
        </test-method> <!-- setup -->
        <test-method signature="getRequest()[pri:0, instance:APISuite.Testt@4cc8eb05]" started-at="2022-01-08T09:44:32 IST" name="getRequest" finished-at="2022-01-08T09:44:34 IST" duration-ms="1768" status="PASS">
          <reporter-output>
          </reporter-output>
        </test-method> <!-- getRequest -->
        <test-method is-config="true" signature="setup()[pri:0, instance:APISuite.Testt@4cc8eb05]" started-at="2022-01-08T09:44:34 IST" name="setup" finished-at="2022-01-08T09:44:34 IST" duration-ms="1" status="PASS">
          <reporter-output>
          </reporter-output>
        </test-method> <!-- setup -->
        <test-method signature="getRequestWithQueryParam()[pri:0, instance:APISuite.Testt@4cc8eb05]" started-at="2022-01-08T09:44:34 IST" name="getRequestWithQueryParam" finished-at="2022-01-08T09:44:34 IST" duration-ms="385" status="PASS">
          <reporter-output>
          </reporter-output>
        </test-method> <!-- getRequestWithQueryParam -->
        <test-method signature="postRequest()[pri:0, instance:APISuite.Testt@4cc8eb05]" started-at="2022-01-08T09:44:34 IST" name="postRequest" finished-at="2022-01-08T09:44:35 IST" duration-ms="1075" status="PASS">
          <reporter-output>
          </reporter-output>
        </test-method> <!-- postRequest -->
        <test-method is-config="true" signature="setup()[pri:0, instance:APISuite.Testt@4cc8eb05]" started-at="2022-01-08T09:44:34 IST" name="setup" finished-at="2022-01-08T09:44:34 IST" duration-ms="0" status="PASS">
          <reporter-output>
          </reporter-output>
        </test-method> <!-- setup -->
        <test-method signature="putRequest()[pri:0, instance:APISuite.Testt@4cc8eb05]" started-at="2022-01-08T09:44:35 IST" name="putRequest" finished-at="2022-01-08T09:44:36 IST" duration-ms="1028" status="PASS">
          <reporter-output>
          </reporter-output>
        </test-method> <!-- putRequest -->
        <test-method is-config="true" signature="setup()[pri:0, instance:APISuite.Testt@4cc8eb05]" started-at="2022-01-08T09:44:35 IST" name="setup" finished-at="2022-01-08T09:44:35 IST" duration-ms="0" status="PASS">
          <reporter-output>
          </reporter-output>
        </test-method> <!-- setup -->
      </class> <!-- APISuite.Testt -->
    </test> <!-- Default test -->
  </suite> <!-- Default suite -->
</testng-results>
