<?xml version="1.0" encoding="UTF-8"?>
<testsuite xmlns:xsi="http://www.w3.org/2001/XMLSchema-instance" xsi:noNamespaceSchemaLocation="https://maven.apache.org/surefire/maven-surefire-plugin/xsd/surefire-test-report-3.0.xsd" version="3.0" name="TestSuite" time="4.788" tests="4" errors="0" skipped="0" failures="0">
  <properties>
[...]
</properties>
  <testcase name="getRequest" classname="APISuite.Testt" time="1.691">
    <system-out><![CDATA[Response is : io.restassured.path.json.JsonPath@69391e08
]]></system-out>
    <system-err><![CDATA[SLF4J: Failed to load class "org.slf4j.impl.StaticLoggerBinder".
SLF4J: Defaulting to no-operation (NOP) logger implementation
SLF4J: See http://www.slf4j.org/codes.html#StaticLoggerBinder for further details.
]]></system-err>
  </testcase>
  <testcase name="getRequestWithQueryParam" classname="APISuite.Testt" time="0.743"/>
  <testcase name="postRequest" classname="APISuite.Testt" time="0.71"/>
  <testcase name="putRequest" classname="APISuite.Testt" time="0.739"/>
</testsuite>