<?xml version="1.0" encoding="UTF-8"?>
<testng-results ignored="0" total="4" passed="4" failed="0" skipped="0">
  <reporter-output>
  </reporter-output>
  <suite started-at="2022-01-09T09:49:24 IST" name="Suite" finished-at="2022-01-09T09:49:28 IST" duration-ms="4407">
    <groups>
    </groups>
    <test started-at="2022-01-09T09:49:24 IST" name="Test" finished-at="2022-01-09T09:49:28 IST" duration-ms="4407">
      <class name="APISuite.Testt">
        <test-method is-config="true" signature="setup()[pri:0, instance:APISuite.Testt@1d082e88]" started-at="2022-01-09T09:49:24 IST" name="setup" finished-at="2022-01-09T09:49:24 IST" duration-ms="494" status="PASS">
          <reporter-output>
          </reporter-output>
        </test-method> <!-- setup -->
        <test-method signature="getRequest()[pri:0, instance:APISuite.Testt@1d082e88]" started-at="2022-01-09T09:49:24 IST" name="getRequest" finished-at="2022-01-09T09:49:26 IST" duration-ms="1690" status="PASS">
          <reporter-output>
          </reporter-output>
        </test-method> <!-- getRequest -->
        <test-method is-config="true" signature="setup()[pri:0, instance:APISuite.Testt@1d082e88]" started-at="2022-01-09T09:49:26 IST" name="setup" finished-at="2022-01-09T09:49:26 IST" duration-ms="0" status="PASS">
          <reporter-output>
          </reporter-output>
        </test-method> <!-- setup -->
        <test-method signature="getRequestWithQueryParam()[pri:0, instance:APISuite.Testt@1d082e88]" started-at="2022-01-09T09:49:26 IST" name="getRequestWithQueryParam" finished-at="2022-01-09T09:49:27 IST" duration-ms="743" status="PASS">
          <reporter-output>
          </reporter-output>
        </test-method> <!-- getRequestWithQueryParam -->
        <test-method is-config="true" signature="setup()[pri:0, instance:APISuite.Testt@1d082e88]" started-at="2022-01-09T09:49:27 IST" name="setup" finished-at="2022-01-09T09:49:27 IST" duration-ms="1" status="PASS">
          <reporter-output>
          </reporter-output>
        </test-method> <!-- setup -->
        <test-method signature="postRequest()[pri:0, instance:APISuite.Testt@1d082e88]" started-at="2022-01-09T09:49:27 IST" name="postRequest" finished-at="2022-01-09T09:49:28 IST" duration-ms="710" status="PASS">
          <reporter-output>
          </reporter-output>
        </test-method> <!-- postRequest -->
        <test-method signature="putRequest()[pri:0, instance:APISuite.Testt@1d082e88]" started-at="2022-01-09T09:49:28 IST" name="putRequest" finished-at="2022-01-09T09:49:28 IST" duration-ms="739" status="PASS">
          <reporter-output>
          </reporter-output>
        </test-method> <!-- putRequest -->
        <test-method is-config="true" signature="setup()[pri:0, instance:APISuite.Testt@1d082e88]" started-at="2022-01-09T09:49:28 IST" name="setup" finished-at="2022-01-09T09:49:28 IST" duration-ms="0" status="PASS">
          <reporter-output>
          </reporter-output>
        </test-method> <!-- setup -->
      </class> <!-- APISuite.Testt -->
    </test> <!-- Test -->
  </suite> <!-- Suite -->
</testng-results>
