<?xml version="1.0" encoding="UTF-8"?>
<!-- Generated by org.testng.reporters.JUnitXMLReporter -->
<testsuite ignored="0" hostname="NAG1-LHP-N66589" failures="0" tests="4" name="Test" time="4.407" errors="0" timestamp="2022-01-09T09:49:28 IST">
  <testcase classname="APISuite.Testt" name="getRequest" time="1.69"/>
  <testcase classname="APISuite.Testt" name="getRequestWithQueryParam" time="0.743"/>
  <testcase classname="APISuite.Testt" name="postRequest" time="0.71"/>
  <testcase classname="APISuite.Testt" name="putRequest" time="0.739"/>
</testsuite> <!-- Test -->
